# JRE version: Java(TM) SE Runtime Environment 18.9 (11.0.18+9) (build 11.0.18+9-LTS-195)
# Java VM: Java HotSpot(TM) 64-Bit Server VM 18.9 (11.0.18+9-LTS-195, mixed mode, tiered, compressed oops, g1 gc, windows-amd64)
Heap:
 garbage-first heap   total 155648K, used 50176K [0x0000000082400000, 0x0000000100000000)
  region size 1024K, 6 young (6144K), 6 survivors (6144K)
 Metaspace       used 61402K, capacity 62172K, committed 62416K, reserved 1103872K
  class space    used 7122K, capacity 7442K, committed 7552K, reserved 1048576K
GC Heap History (10 events):
Event: 10.453 GC heap after
{Heap after GC invocations=7 (full 0):
 garbage-first heap   total 129024K, used 24142K [0x0000000082400000, 0x0000000100000000)
  region size 1024K, 5 young (5120K), 5 survivors (5120K)
 Metaspace       used 40420K, capacity 40864K, committed 41136K, reserved 1085440K
  class space    used 4866K, capacity 5059K, committed 5120K, reserved 1048576K
}
Event: 13.294 GC heap before
{Heap before GC invocations=7 (full 0):
 garbage-first heap   total 129024K, used 72270K [0x0000000082400000, 0x0000000100000000)
  region size 1024K, 49 young (50176K), 5 survivors (5120K)
 Metaspace       used 48056K, capacity 48575K, committed 48816K, reserved 1091584K
  class space    used 5640K, capacity 5869K, committed 5888K, reserved 1048576K
}
Event: 13.312 GC heap after
{Heap after GC invocations=8 (full 0):
 garbage-first heap   total 129024K, used 32761K [0x0000000082400000, 0x0000000100000000)
  region size 1024K, 7 young (7168K), 7 survivors (7168K)
 Metaspace       used 48056K, capacity 48575K, committed 48816K, reserved 1091584K
  class space    used 5640K, capacity 5869K, committed 5888K, reserved 1048576K
}
Event: 15.184 GC heap before
{Heap before GC invocations=8 (full 0):
 garbage-first heap   total 129024K, used 76793K [0x0000000082400000, 0x0000000100000000)
  region size 1024K, 50 young (51200K), 7 survivors (7168K)
 Metaspace       used 54098K, capacity 54688K, committed 54960K, reserved 1097728K
  class space    used 6305K, capacity 6578K, committed 6656K, reserved 1048576K
}
Event: 15.203 GC heap after
{Heap after GC invocations=9 (full 0):
 garbage-first heap   total 129024K, used 35974K [0x0000000082400000, 0x0000000100000000)
  region size 1024K, 4 young (4096K), 4 survivors (4096K)
 Metaspace       used 54098K, capacity 54688K, committed 54960K, reserved 1097728K
  class space    used 6305K, capacity 6578K, committed 6656K, reserved 1048576K
}
Event: 15.330 GC heap before
{Heap before GC invocations=9 (full 0):
 garbage-first heap   total 129024K, used 40070K [0x0000000082400000, 0x0000000100000000)
  region size 1024K, 9 young (9216K), 4 survivors (4096K)
 Metaspace       used 55067K, capacity 55630K, committed 55760K, reserved 1097728K
  class space    used 6439K, capacity 6722K, committed 6784K, reserved 1048576K
}
Event: 15.342 GC heap after
{Heap after GC invocations=10 (full 0):
 garbage-first heap   total 129024K, used 36864K [0x0000000082400000, 0x0000000100000000)
  region size 1024K, 1 young (1024K), 1 survivors (1024K)
 Metaspace       used 55067K, capacity 55630K, committed 55760K, reserved 1097728K
  class space    used 6439K, capacity 6722K, committed 6784K, reserved 1048576K
}
Event: 17.976 GC heap before
{Heap before GC invocations=11 (full 0):
 garbage-first heap   total 129024K, used 78848K [0x0000000082400000, 0x0000000100000000)
  region size 1024K, 42 young (43008K), 1 survivors (1024K)
 Metaspace       used 59994K, capacity 60745K, committed 61008K, reserved 1103872K
  class space    used 7048K, capacity 7372K, committed 7424K, reserved 1048576K
}
Event: 17.997 GC heap after
{Heap after GC invocations=12 (full 0):
 garbage-first heap   total 129024K, used 43008K [0x0000000082400000, 0x0000000100000000)
  region size 1024K, 6 young (6144K), 6 survivors (6144K)
 Metaspace       used 59994K, capacity 60745K, committed 61008K, reserved 1103872K
  class space    used 7048K, capacity 7372K, committed 7424K, reserved 1048576K
}
Event: 20.227 GC heap before
{Heap before GC invocations=12 (full 0):
 garbage-first heap   total 129024K, used 83968K [0x0000000082400000, 0x0000000100000000)
  region size 1024K, 46 young (47104K), 6 survivors (6144K)
 Metaspace       used 61402K, capacity 62172K, committed 62416K, reserved 1103872K
  class space    used 7122K, capacity 7442K, committed 7552K, reserved 1048576K
}

